<?xml version="1.0" encoding="UTF-8"?>
<testsuite name="spring.project.chargingstation.ChargingStationApplicationTests" tests="1" skipped="0" failures="0" errors="0" timestamp="2023-02-04T05:32:56" hostname="iyunsuui-MacBookAir.local" time="0.797">
  <properties/>
  <testcase name="contextLoads()" classname="spring.project.chargingstation.ChargingStationApplicationTests" time="0.797"/>
  <system-out><![CDATA[14:32:48.259 [Test worker] DEBUG org.springframework.test.context.BootstrapUtils - Instantiating CacheAwareContextLoaderDelegate from class [org.springframework.test.context.cache.DefaultCacheAwareContextLoaderDelegate]
14:32:48.282 [Test worker] DEBUG org.springframework.test.context.BootstrapUtils - Instantiating BootstrapContext using constructor [public org.springframework.test.context.support.DefaultBootstrapContext(java.lang.Class,org.springframework.test.context.CacheAwareContextLoaderDelegate)]
14:32:48.341 [Test worker] DEBUG org.springframework.test.context.BootstrapUtils - Instantiating TestContextBootstrapper for test class [spring.project.chargingstation.ChargingStationApplicationTests] from class [org.springframework.boot.test.context.SpringBootTestContextBootstrapper]
14:32:48.358 [Test worker] INFO org.springframework.boot.test.context.SpringBootTestContextBootstrapper - Neither @ContextConfiguration nor @ContextHierarchy found for test class [spring.project.chargingstation.ChargingStationApplicationTests], using SpringBootContextLoader
14:32:48.363 [Test worker] DEBUG org.springframework.test.context.support.AbstractContextLoader - Did not detect default resource location for test class [spring.project.chargingstation.ChargingStationApplicationTests]: class path resource [spring/project/chargingstation/ChargingStationApplicationTests-context.xml] does not exist
14:32:48.364 [Test worker] DEBUG org.springframework.test.context.support.AbstractContextLoader - Did not detect default resource location for test class [spring.project.chargingstation.ChargingStationApplicationTests]: class path resource [spring/project/chargingstation/ChargingStationApplicationTestsContext.groovy] does not exist
14:32:48.364 [Test worker] INFO org.springframework.test.context.support.AbstractContextLoader - Could not detect default resource locations for test class [spring.project.chargingstation.ChargingStationApplicationTests]: no resource found for suffixes {-context.xml, Context.groovy}.
14:32:48.366 [Test worker] INFO org.springframework.test.context.support.AnnotationConfigContextLoaderUtils - Could not detect default configuration classes for test class [spring.project.chargingstation.ChargingStationApplicationTests]: ChargingStationApplicationTests does not declare any static, non-private, non-final, nested classes annotated with @Configuration.
14:32:48.448 [Test worker] DEBUG org.springframework.test.context.support.ActiveProfilesUtils - Could not find an 'annotation declaring class' for annotation type [org.springframework.test.context.ActiveProfiles] and class [spring.project.chargingstation.ChargingStationApplicationTests]
14:32:48.550 [Test worker] DEBUG org.springframework.context.annotation.ClassPathScanningCandidateComponentProvider - Identified candidate component class: file [/Users/iyunsu/spring_project/charging-station/ev-charging-station-recommendation/build/classes/java/main/spring/project/chargingstation/ChargingStationApplication.class]
14:32:48.551 [Test worker] INFO org.springframework.boot.test.context.SpringBootTestContextBootstrapper - Found @SpringBootConfiguration spring.project.chargingstation.ChargingStationApplication for test class spring.project.chargingstation.ChargingStationApplicationTests
14:32:48.741 [Test worker] DEBUG org.springframework.boot.test.context.SpringBootTestContextBootstrapper - @TestExecutionListeners is not present for class [spring.project.chargingstation.ChargingStationApplicationTests]: using defaults.
14:32:48.742 [Test worker] INFO org.springframework.boot.test.context.SpringBootTestContextBootstrapper - Loaded default TestExecutionListener class names from location [META-INF/spring.factories]: [org.springframework.boot.test.autoconfigure.restdocs.RestDocsTestExecutionListener, org.springframework.boot.test.autoconfigure.web.client.MockRestServiceServerResetTestExecutionListener, org.springframework.boot.test.autoconfigure.web.servlet.MockMvcPrintOnlyOnFailureTestExecutionListener, org.springframework.boot.test.autoconfigure.web.servlet.WebDriverTestExecutionListener, org.springframework.boot.test.autoconfigure.webservices.client.MockWebServiceServerTestExecutionListener, org.springframework.boot.test.mock.mockito.MockitoTestExecutionListener, org.springframework.boot.test.mock.mockito.ResetMocksTestExecutionListener, org.springframework.test.context.web.ServletTestExecutionListener, org.springframework.test.context.support.DirtiesContextBeforeModesTestExecutionListener, org.springframework.test.context.event.ApplicationEventsTestExecutionListener, org.springframework.test.context.support.DependencyInjectionTestExecutionListener, org.springframework.test.context.support.DirtiesContextTestExecutionListener, org.springframework.test.context.transaction.TransactionalTestExecutionListener, org.springframework.test.context.jdbc.SqlScriptsTestExecutionListener, org.springframework.test.context.event.EventPublishingTestExecutionListener]
14:32:48.771 [Test worker] DEBUG org.springframework.boot.test.context.SpringBootTestContextBootstrapper - Skipping candidate TestExecutionListener [org.springframework.test.context.transaction.TransactionalTestExecutionListener] due to a missing dependency. Specify custom listener classes or make the default listener classes and their required dependencies available. Offending class: [org/springframework/transaction/interceptor/TransactionAttributeSource]
14:32:48.773 [Test worker] DEBUG org.springframework.boot.test.context.SpringBootTestContextBootstrapper - Skipping candidate TestExecutionListener [org.springframework.test.context.jdbc.SqlScriptsTestExecutionListener] due to a missing dependency. Specify custom listener classes or make the default listener classes and their required dependencies available. Offending class: [org/springframework/transaction/interceptor/TransactionAttribute]
14:32:48.774 [Test worker] INFO org.springframework.boot.test.context.SpringBootTestContextBootstrapper - Using TestExecutionListeners: [org.springframework.test.context.web.ServletTestExecutionListener@57fd91c9, org.springframework.test.context.support.DirtiesContextBeforeModesTestExecutionListener@6cfcd46d, org.springframework.test.context.event.ApplicationEventsTestExecutionListener@52045dbe, org.springframework.boot.test.mock.mockito.MockitoTestExecutionListener@674658f7, org.springframework.boot.test.autoconfigure.SpringBootDependencyInjectionTestExecutionListener@5c8eee0f, org.springframework.test.context.support.DirtiesContextTestExecutionListener@565b064f, org.springframework.test.context.event.EventPublishingTestExecutionListener@26425897, org.springframework.boot.test.autoconfigure.restdocs.RestDocsTestExecutionListener@73163d48, org.springframework.boot.test.autoconfigure.web.client.MockRestServiceServerResetTestExecutionListener@58c34bb3, org.springframework.boot.test.autoconfigure.web.servlet.MockMvcPrintOnlyOnFailureTestExecutionListener@56a4479a, org.springframework.boot.test.autoconfigure.web.servlet.WebDriverTestExecutionListener@62163b39, org.springframework.boot.test.autoconfigure.webservices.client.MockWebServiceServerTestExecutionListener@20a8a64e, org.springframework.boot.test.mock.mockito.ResetMocksTestExecutionListener@62f4ff3b]
14:32:48.783 [Test worker] DEBUG org.springframework.test.context.support.AbstractDirtiesContextTestExecutionListener - Before test class: context [DefaultTestContext@183e8023 testClass = ChargingStationApplicationTests, testInstance = [null], testMethod = [null], testException = [null], mergedContextConfiguration = [WebMergedContextConfiguration@45efc20d testClass = ChargingStationApplicationTests, locations = '{}', classes = '{class spring.project.chargingstation.ChargingStationApplication}', contextInitializerClasses = '[]', activeProfiles = '{}', propertySourceLocations = '{}', propertySourceProperties = '{org.springframework.boot.test.context.SpringBootTestContextBootstrapper=true}', contextCustomizers = set[org.springframework.boot.test.autoconfigure.actuate.metrics.MetricsExportContextCustomizerFactory$DisableMetricExportContextCustomizer@60b4beb4, org.springframework.boot.test.autoconfigure.properties.PropertyMappingContextCustomizer@0, org.springframework.boot.test.autoconfigure.web.servlet.WebDriverContextCustomizerFactory$Customizer@6f19ac19, org.springframework.boot.test.context.filter.ExcludeFilterContextCustomizer@20c0a64d, org.springframework.boot.test.json.DuplicateJsonObjectContextCustomizerFactory$DuplicateJsonObjectContextCustomizer@41ab013, org.springframework.boot.test.mock.mockito.MockitoContextCustomizer@0, org.springframework.boot.test.web.client.TestRestTemplateContextCustomizer@38604b81, org.springframework.boot.test.context.SpringBootTestArgs@1, org.springframework.boot.test.context.SpringBootTestWebEnvironment@23348b5d], resourceBasePath = 'src/main/webapp', contextLoader = 'org.springframework.boot.test.context.SpringBootContextLoader', parent = [null]], attributes = map['org.springframework.test.context.web.ServletTestExecutionListener.activateListener' -> true]], class annotated with @DirtiesContext [false] with mode [null].

  .   ____          _            __ _ _
 /\\ / ___'_ __ _ _(_)_ __  __ _ \ \ \ \
( ( )\___ | '_ | '_| | '_ \/ _` | \ \ \ \
 \\/  ___)| |_)| | | | | || (_| |  ) ) ) )
  '  |____| .__|_| |_|_| |_\__, | / / / /
 =========|_|==============|___/=/_/_/_/
 :: Spring Boot ::                (v2.7.8)

2023-02-04 14:32:50.411  INFO 63768 --- [    Test worker] s.p.c.ChargingStationApplicationTests    : Starting ChargingStationApplicationTests using Java 18.0.1.1 on iyunsuui-MacBookAir.local with PID 63768 (started by iyunsu in /Users/iyunsu/spring_project/charging-station/ev-charging-station-recommendation)
2023-02-04 14:32:50.419  INFO 63768 --- [    Test worker] s.p.c.ChargingStationApplicationTests    : No active profile set, falling back to 1 default profile: "default"
2023-02-04 14:32:56.025  INFO 63768 --- [    Test worker] s.p.c.ChargingStationApplicationTests    : Started ChargingStationApplicationTests in 7.158 seconds (JVM running for 9.892)
]]></system-out>
  <system-err><![CDATA[]]></system-err>
</testsuite>
